f:\circuits project local\circuits-project-2017\cicruits project\debug\vc140.pdb
f:\circuits project local\circuits-project-2017\cicruits project\debug\vc140.idb
f:\circuits project local\circuits-project-2017\cicruits project\debug\io file.obj
f:\circuits project local\circuits-project-2017\cicruits project\debug\linearalgebra.obj
f:\circuits project local\circuits-project-2017\cicruits project\debug\nodeanalysis.obj
f:\circuits project local\circuits-project-2017\cicruits project\debug\source.obj
f:\circuits project local\circuits-project-2017\debug\cicruits project.ilk
f:\circuits project local\circuits-project-2017\debug\cicruits project.exe
f:\circuits project local\circuits-project-2017\debug\cicruits project.pdb
e:\software_development\circuits-project-2017\cicruits project\debug\io file.obj
e:\software_development\circuits-project-2017\cicruits project\debug\linearalgebra.obj
e:\software_development\circuits-project-2017\cicruits project\debug\nodeanalysis.obj
e:\software_development\circuits-project-2017\cicruits project\debug\source.obj
e:\software_development\circuits-project-2017\cicruits project\debug\vc140.idb
e:\software_development\circuits-project-2017\cicruits project\debug\vc140.pdb
e:\software_development\circuits-project-2017\debug\cicruits project.pdb
e:\software_development\circuits-project-2017\debug\cicruits project.exe
e:\software_development\circuits-project-2017\debug\cicruits project.ilk
e:\software_development\circuits-project-2017\cicruits project\debug\cicruits project.tlog\cl.command.1.tlog
e:\software_development\circuits-project-2017\cicruits project\debug\cicruits project.tlog\cl.read.1.tlog
e:\software_development\circuits-project-2017\cicruits project\debug\cicruits project.tlog\cl.write.1.tlog
e:\software_development\circuits-project-2017\cicruits project\debug\cicruits project.tlog\link.command.1.tlog
e:\software_development\circuits-project-2017\cicruits project\debug\cicruits project.tlog\link.read.1.tlog
e:\software_development\circuits-project-2017\cicruits project\debug\cicruits project.tlog\link.write.1.tlog
